Started GET "/" for 127.0.0.1 at 2018-01-18 17:07:09 +0100
Processing by Rails::WelcomeController#index as HTML
  Rendering C:/Ruby24-x64/lib/ruby/gems/2.4.0/gems/railties-5.1.4/lib/rails/templates/rails/welcome/index.html.erb
  Rendered C:/Ruby24-x64/lib/ruby/gems/2.4.0/gems/railties-5.1.4/lib/rails/templates/rails/welcome/index.html.erb (14.0ms)
Completed 200 OK in 716ms (Views: 69.3ms)


  [1m[35m (0.0ms)[0m  [1m[34mSELECT sqlite_version(*)[0m
  [1m[35m (45.0ms)[0m  [1m[35mCREATE TABLE "schema_migrations" ("version" varchar NOT NULL PRIMARY KEY)[0m
  [1m[35m (57.0ms)[0m  [1m[35mCREATE TABLE "ar_internal_metadata" ("key" varchar NOT NULL PRIMARY KEY, "value" varchar, "created_at" datetime NOT NULL, "updated_at" datetime NOT NULL)[0m
  [1m[35m (0.0ms)[0m  [1m[34mSELECT "schema_migrations"."version" FROM "schema_migrations" ORDER BY "schema_migrations"."version" ASC[0m
Migrating to CreateProjects (20180118160934)
  [1m[35m (0.0ms)[0m  [1m[36mbegin transaction[0m
  [1m[35m (1.0ms)[0m  [1m[35mCREATE TABLE "projects" ("id" INTEGER PRIMARY KEY AUTOINCREMENT NOT NULL, "title" varchar, "description" text, "due_date" datetime, "created_at" datetime NOT NULL, "updated_at" datetime NOT NULL)[0m
  [1m[35mSQL (0.0ms)[0m  [1m[32mINSERT INTO "schema_migrations" ("version") VALUES (?)[0m  [["version", "20180118160934"]]
  [1m[35m (51.0ms)[0m  [1m[36mcommit transaction[0m
  [1m[36mActiveRecord::InternalMetadata Load (0.0ms)[0m  [1m[34mSELECT  "ar_internal_metadata".* FROM "ar_internal_metadata" WHERE "ar_internal_metadata"."key" = ? LIMIT ?[0m  [["key", "environment"], ["LIMIT", 1]]
  [1m[35m (0.0ms)[0m  [1m[36mbegin transaction[0m
  [1m[35mSQL (1.0ms)[0m  [1m[32mINSERT INTO "ar_internal_metadata" ("key", "value", "created_at", "updated_at") VALUES (?, ?, ?, ?)[0m  [["key", "environment"], ["value", "development"], ["created_at", "2018-01-18 16:13:40.964945"], ["updated_at", "2018-01-18 16:13:40.964945"]]
  [1m[35m (41.0ms)[0m  [1m[36mcommit transaction[0m
  [1m[35m (0.0ms)[0m  [1m[34mSELECT "schema_migrations"."version" FROM "schema_migrations" ORDER BY "schema_migrations"."version" ASC[0m
  [1m[35m (1.0ms)[0m  [1m[36mbegin transaction[0m
  [1m[35mSQL (0.0ms)[0m  [1m[32mINSERT INTO "projects" ("title", "description", "created_at", "updated_at") VALUES (?, ?, ?, ?)[0m  [["title", "My first project"], ["description", "project desc"], ["created_at", "2018-01-18 16:15:15.506353"], ["updated_at", "2018-01-18 16:15:15.506353"]]
  [1m[35m (39.0ms)[0m  [1m[36mcommit transaction[0m
Started GET "/" for 127.0.0.1 at 2018-01-18 17:28:51 +0100
  [1m[35m (0.0ms)[0m  [1m[34mSELECT "schema_migrations"."version" FROM "schema_migrations" ORDER BY "schema_migrations"."version" ASC[0m
Processing by ProjectsController#index as HTML
Completed 500 Internal Server Error in 9ms (ActiveRecord: 0.0ms)


  
NameError (uninitialized constant ProjectsController::Projects):
  
app/controllers/projects_controller.rb:3:in `index'
Started GET "/" for 127.0.0.1 at 2018-01-18 17:28:56 +0100
Processing by ProjectsController#index as HTML
Completed 500 Internal Server Error in 1ms (ActiveRecord: 0.0ms)


  
NameError (uninitialized constant ProjectsController::Projects):
  
app/controllers/projects_controller.rb:3:in `index'
Started GET "/" for 127.0.0.1 at 2018-01-18 17:30:00 +0100
Processing by ProjectsController#index as HTML
  Rendering projects/index.html.erb within layouts/application
  [1m[36mProject Load (0.0ms)[0m  [1m[34mSELECT "projects".* FROM "projects"[0m
  Rendered projects/index.html.erb within layouts/application (220.0ms)
Completed 500 Internal Server Error in 288ms (ActiveRecord: 1.0ms)


  
ActionView::Template::Error (undefined local variable or method `project' for #<#<Class:0x000000000a3215b8>:0x000000000a3138a0>
Did you mean?  projects
               @projects):
    2: 
    3: <ul>
    4: 	<% @projects.each do |projects| %>
    5: 	<li><%= project.title %> edit delete</li>
    6: 	<% end %>
    7: </ul>
  
app/views/projects/index.html.erb:5:in `block in _app_views_projects_index_html_erb___364933690_85528940'
app/views/projects/index.html.erb:4:in `_app_views_projects_index_html_erb___364933690_85528940'
Started GET "/" for 127.0.0.1 at 2018-01-18 17:30:59 +0100
Processing by ProjectsController#index as HTML
  Rendering projects/index.html.erb within layouts/application
  [1m[36mProject Load (0.0ms)[0m  [1m[34mSELECT "projects".* FROM "projects"[0m
  Rendered projects/index.html.erb within layouts/application (222.0ms)
Completed 500 Internal Server Error in 285ms (ActiveRecord: 0.0ms)


  
ActionView::Template::Error (undefined local variable or method `project' for #<#<Class:0x000000000a3215b8>:0x0000000007b5b4e8>
Did you mean?  projects
               @projects):
    2: 
    3: <ul>
    4: 	<% @projects.each do |projects| %>
    5: 	<li> <% project.title %> edit delete</li>
    6: 	<% end %>
    7: </ul>
  
app/views/projects/index.html.erb:5:in `block in _app_views_projects_index_html_erb___364933690_64675720'
app/views/projects/index.html.erb:4:in `_app_views_projects_index_html_erb___364933690_64675720'
Started GET "/" for 127.0.0.1 at 2018-01-18 17:31:14 +0100
Processing by ProjectsController#index as HTML
  Rendering projects/index.html.erb within layouts/application
  [1m[36mProject Load (0.0ms)[0m  [1m[34mSELECT "projects".* FROM "projects"[0m
  Rendered projects/index.html.erb within layouts/application (2.0ms)
Completed 200 OK in 2164ms (Views: 2148.0ms | ActiveRecord: 0.0ms)


Started GET "/" for 127.0.0.1 at 2018-01-18 17:32:42 +0100
Processing by ProjectsController#index as HTML
  Rendering projects/index.html.erb within layouts/application
  [1m[36mProject Load (0.0ms)[0m  [1m[34mSELECT "projects".* FROM "projects"[0m
  Rendered projects/index.html.erb within layouts/application (2.0ms)
Completed 200 OK in 129ms (Views: 111.7ms | ActiveRecord: 0.0ms)


Started GET "/" for 127.0.0.1 at 2018-01-18 17:33:31 +0100
Processing by ProjectsController#index as HTML
  Rendering projects/index.html.erb within layouts/application
  [1m[36mProject Load (0.0ms)[0m  [1m[34mSELECT "projects".* FROM "projects"[0m
  Rendered projects/index.html.erb within layouts/application (2.0ms)
Completed 200 OK in 141ms (Views: 113.9ms | ActiveRecord: 0.0ms)


Started GET "/" for 127.0.0.1 at 2018-01-18 17:39:02 +0100
  [1m[35m (0.0ms)[0m  [1m[34mSELECT "schema_migrations"."version" FROM "schema_migrations" ORDER BY "schema_migrations"."version" ASC[0m
Processing by ProjectsController#index as HTML
  Rendering projects/index.html.erb within layouts/application
  [1m[36mProject Load (0.0ms)[0m  [1m[34mSELECT "projects".* FROM "projects"[0m
  Rendered projects/index.html.erb within layouts/application (204.0ms)
Completed 500 Internal Server Error in 282ms (ActiveRecord: 1.0ms)


  
ActionView::Template::Error (undefined local variable or method `project' for #<#<Class:0x0000000006600698>:0x00000000065da998>
Did you mean?  projects
               @projects):
    2: 
    3: <ul>
    4: 	<% @projects.each do |projects| %>
    5: 	<li> <%= link_to projects.title, prijects_path(project) %> edit delete</li>
    6: 	<% end %>
    7: </ul>
  
app/views/projects/index.html.erb:5:in `block in _app_views_projects_index_html_erb__503181342_53481940'
app/views/projects/index.html.erb:4:in `_app_views_projects_index_html_erb__503181342_53481940'
Started GET "/" for 127.0.0.1 at 2018-01-18 17:40:18 +0100
  [1m[35m (0.0ms)[0m  [1m[34mSELECT "schema_migrations"."version" FROM "schema_migrations" ORDER BY "schema_migrations"."version" ASC[0m
Processing by ProjectsController#index as HTML
  Rendering projects/index.html.erb within layouts/application
  [1m[36mProject Load (0.0ms)[0m  [1m[34mSELECT "projects".* FROM "projects"[0m
  Rendered projects/index.html.erb within layouts/application (206.0ms)
Completed 500 Internal Server Error in 273ms (ActiveRecord: 1.0ms)


  
ActionView::Template::Error (undefined local variable or method `project' for #<#<Class:0x00000000063efbb0>:0x00000000063e4da0>
Did you mean?  projects
               @projects):
    2: 
    3: <ul>
    4: 	<% @projects.each do |projects| %>
    5: 	<li> <%= link_to projects.title, priject_path(project) %> edit delete</li>
    6: 	<% end %>
    7: </ul>
  
app/views/projects/index.html.erb:5:in `block in _app_views_projects_index_html_erb__503181342_52424780'
app/views/projects/index.html.erb:4:in `_app_views_projects_index_html_erb__503181342_52424780'
Started GET "/" for 127.0.0.1 at 2018-01-18 17:42:58 +0100
Processing by ProjectsController#index as HTML
  Rendering projects/index.html.erb within layouts/application
  [1m[36mProject Load (1.0ms)[0m  [1m[34mSELECT "projects".* FROM "projects"[0m
  Rendered projects/index.html.erb within layouts/application (198.0ms)
Completed 500 Internal Server Error in 261ms (ActiveRecord: 1.0ms)


  
ActionView::Template::Error (undefined local variable or method `project' for #<#<Class:0x00000000063efbb0>:0x0000000007b6ba28>
Did you mean?  projects
               @projects):
    2: 
    3: <ul>
    4: 	<% @projects.each do |projects| %>
    5: 	<li> <%= link_to projects.title, prijects_path(project) %> edit delete</li>
    6: 	<% end %>
    7: </ul>
  
app/views/projects/index.html.erb:5:in `block in _app_views_projects_index_html_erb__503181342_96592420'
app/views/projects/index.html.erb:4:in `_app_views_projects_index_html_erb__503181342_96592420'
Started GET "/" for 127.0.0.1 at 2018-01-18 17:43:10 +0100
Processing by ProjectsController#index as HTML
  Rendering projects/index.html.erb within layouts/application
  [1m[36mProject Load (0.0ms)[0m  [1m[34mSELECT "projects".* FROM "projects"[0m
  Rendered projects/index.html.erb within layouts/application (190.0ms)
Completed 500 Internal Server Error in 253ms (ActiveRecord: 0.0ms)


  
ActionView::Template::Error (undefined local variable or method `project' for #<#<Class:0x00000000063efbb0>:0x00000000055c3d98>
Did you mean?  projects
               @projects):
    2: 
    3: <ul>
    4: 	<% @projects.each do |projects| %>
    5: 	<li> <%= link_to project.title, prijects_path(project) %> edit delete</li>
    6: 	<% end %>
    7: </ul>
  
app/views/projects/index.html.erb:5:in `block in _app_views_projects_index_html_erb__503181342_44983580'
app/views/projects/index.html.erb:4:in `_app_views_projects_index_html_erb__503181342_44983580'
Started GET "/" for 127.0.0.1 at 2018-01-18 17:43:25 +0100
Processing by ProjectsController#index as HTML
  Rendering projects/index.html.erb within layouts/application
  [1m[36mProject Load (0.0ms)[0m  [1m[34mSELECT "projects".* FROM "projects"[0m
  Rendered projects/index.html.erb within layouts/application (231.0ms)
Completed 500 Internal Server Error in 294ms (ActiveRecord: 0.0ms)


  
ActionView::Template::Error (undefined local variable or method `project' for #<#<Class:0x00000000063efbb0>:0x0000000006d78650>
Did you mean?  projects
               @projects):
    2: 
    3: <ul>
    4: 	<% @projects.each do |projects| %>
    5: 	<li> <%= link_to projects.title, projects_path(project) %> edit delete</li>
    6: 	<% end %>
    7: </ul>
  
app/views/projects/index.html.erb:5:in `block in _app_views_projects_index_html_erb__503181342_57399260'
app/views/projects/index.html.erb:4:in `_app_views_projects_index_html_erb__503181342_57399260'
Started GET "/" for 127.0.0.1 at 2018-01-18 17:44:13 +0100
Processing by ProjectsController#index as HTML
  Rendering projects/index.html.erb within layouts/application
  [1m[36mProject Load (0.0ms)[0m  [1m[34mSELECT "projects".* FROM "projects"[0m
  Rendered projects/index.html.erb within layouts/application (191.0ms)
Completed 500 Internal Server Error in 254ms (ActiveRecord: 0.0ms)


  
ActionView::Template::Error (undefined local variable or method `project' for #<#<Class:0x00000000063efbb0>:0x00000000062defa0>
Did you mean?  projects
               @projects):
    2: 
    3: <ul>
    4: 	<% @projects.each do |projects| %>
    5: 	<li> <%= link_to projects.title, project_path(project) %> edit delete</li>
    6: 	<% end %>
    7: </ul>
  
app/views/projects/index.html.erb:5:in `block in _app_views_projects_index_html_erb__503181342_51913400'
app/views/projects/index.html.erb:4:in `_app_views_projects_index_html_erb__503181342_51913400'
Started GET "/" for 127.0.0.1 at 2018-01-18 17:44:32 +0100
Processing by ProjectsController#index as HTML
  Rendering projects/index.html.erb within layouts/application
  [1m[36mProject Load (1.0ms)[0m  [1m[34mSELECT "projects".* FROM "projects"[0m
  Rendered projects/index.html.erb within layouts/application (188.0ms)
Completed 500 Internal Server Error in 254ms (ActiveRecord: 1.0ms)


  
ActionView::Template::Error (undefined local variable or method `project' for #<#<Class:0x00000000063efbb0>:0x0000000007c434c8>
Did you mean?  projects
               @projects):
    2: 
    3: <ul>
    4: 	<% @projects.each do |projects| %>
    5: 	<li> <%= link_to projects.title, projects_path(project) %> edit delete</li>
    6: 	<% end %>
    7: </ul>
  
app/views/projects/index.html.erb:5:in `block in _app_views_projects_index_html_erb__503181342_65150820'
app/views/projects/index.html.erb:4:in `_app_views_projects_index_html_erb__503181342_65150820'
Started GET "/" for 127.0.0.1 at 2018-01-18 17:45:27 +0100
Processing by ProjectsController#index as HTML
  Rendering projects/index.html.erb within layouts/application
  [1m[36mProject Load (0.0ms)[0m  [1m[34mSELECT "projects".* FROM "projects"[0m
  Rendered projects/index.html.erb within layouts/application (209.0ms)
Completed 500 Internal Server Error in 273ms (ActiveRecord: 0.0ms)


  
ActionView::Template::Error (undefined local variable or method `project' for #<#<Class:0x00000000063efbb0>:0x000000000780c1c0>
Did you mean?  projects
               @projects):
    2: 
    3: <ul>
    4: 	<% @projects.each do |projects| %>
    5: 	<li> <%= link_to projects.title, projects_path(project) %> edit delete</li>
    6: 	<% end %>
    7: </ul>
  
app/views/projects/index.html.erb:5:in `block in _app_views_projects_index_html_erb__503181342_62940620'
app/views/projects/index.html.erb:4:in `_app_views_projects_index_html_erb__503181342_62940620'
Started GET "/" for 127.0.0.1 at 2018-01-18 17:45:53 +0100
Processing by ProjectsController#index as HTML
  Rendering projects/index.html.erb within layouts/application
  [1m[36mProject Load (0.0ms)[0m  [1m[34mSELECT "projects".* FROM "projects"[0m
  Rendered projects/index.html.erb within layouts/application (2.0ms)
Completed 200 OK in 397ms (Views: 380.7ms | ActiveRecord: 0.0ms)


Started GET "/projects/1" for 127.0.0.1 at 2018-01-18 17:46:07 +0100
Processing by ProjectsController#show as HTML
  Parameters: {"id"=>"1"}
  [1m[36mProject Load (0.0ms)[0m  [1m[34mSELECT  "projects".* FROM "projects" WHERE "projects"."id" = ? LIMIT ?[0m  [["id", 1], ["LIMIT", 1]]
  Rendering projects/show.html.erb within layouts/application
  Rendered projects/show.html.erb within layouts/application (113.0ms)
Completed 500 Internal Server Error in 198ms (ActiveRecord: 0.0ms)


  
ActionView::Template::Error (undefined method `lint_to' for #<#<Class:0x00000000063efbb0>:0x000000000c5b2460>
Did you mean?  link_to):
    10: 	<%= @project.due_date %>
    11: </p>
    12: 
    13: <% lint_to 'Back', root_path%>
  
app/views/projects/show.html.erb:13:in `_app_views_projects_show_html_erb__681845345_103651100'
Started GET "/projects/1" for 127.0.0.1 at 2018-01-18 17:46:26 +0100
Processing by ProjectsController#show as HTML
  Parameters: {"id"=>"1"}
  [1m[36mProject Load (0.0ms)[0m  [1m[34mSELECT  "projects".* FROM "projects" WHERE "projects"."id" = ? LIMIT ?[0m  [["id", 1], ["LIMIT", 1]]
  Rendering projects/show.html.erb within layouts/application
  Rendered projects/show.html.erb within layouts/application (1.0ms)
Completed 200 OK in 126ms (Views: 108.3ms | ActiveRecord: 0.0ms)


Started GET "/projects/1" for 127.0.0.1 at 2018-01-18 17:46:43 +0100
Processing by ProjectsController#show as HTML
  Parameters: {"id"=>"1"}
  [1m[36mProject Load (0.0ms)[0m  [1m[34mSELECT  "projects".* FROM "projects" WHERE "projects"."id" = ? LIMIT ?[0m  [["id", 1], ["LIMIT", 1]]
  Rendering projects/show.html.erb within layouts/application
  Rendered projects/show.html.erb within layouts/application (1.0ms)
Completed 200 OK in 130ms (Views: 112.3ms | ActiveRecord: 0.0ms)


Started GET "/" for 127.0.0.1 at 2018-01-18 17:46:46 +0100
Processing by ProjectsController#index as HTML
  Rendering projects/index.html.erb within layouts/application
  [1m[36mProject Load (1.0ms)[0m  [1m[34mSELECT "projects".* FROM "projects"[0m
  Rendered projects/index.html.erb within layouts/application (2.0ms)
Completed 200 OK in 121ms (Views: 104.1ms | ActiveRecord: 1.0ms)


Started GET "/projects/1" for 127.0.0.1 at 2018-01-18 17:46:47 +0100
Processing by ProjectsController#show as HTML
  Parameters: {"id"=>"1"}
  [1m[36mProject Load (0.0ms)[0m  [1m[34mSELECT  "projects".* FROM "projects" WHERE "projects"."id" = ? LIMIT ?[0m  [["id", 1], ["LIMIT", 1]]
  Rendering projects/show.html.erb within layouts/application
  Rendered projects/show.html.erb within layouts/application (1.0ms)
Completed 200 OK in 119ms (Views: 100.8ms | ActiveRecord: 0.0ms)


Started GET "/" for 127.0.0.1 at 2018-01-18 17:46:48 +0100
Processing by ProjectsController#index as HTML
  Rendering projects/index.html.erb within layouts/application
  [1m[36mProject Load (0.0ms)[0m  [1m[34mSELECT "projects".* FROM "projects"[0m
  Rendered projects/index.html.erb within layouts/application (2.0ms)
Completed 200 OK in 127ms (Views: 110.0ms | ActiveRecord: 0.0ms)


Started GET "/projects/1" for 127.0.0.1 at 2018-01-18 17:46:48 +0100
Processing by ProjectsController#show as HTML
  Parameters: {"id"=>"1"}
  [1m[36mProject Load (0.0ms)[0m  [1m[34mSELECT  "projects".* FROM "projects" WHERE "projects"."id" = ? LIMIT ?[0m  [["id", 1], ["LIMIT", 1]]
  Rendering projects/show.html.erb within layouts/application
  Rendered projects/show.html.erb within layouts/application (1.0ms)
Completed 200 OK in 120ms (Views: 103.2ms | ActiveRecord: 0.0ms)


Started GET "/" for 127.0.0.1 at 2018-01-18 17:49:01 +0100
Processing by ProjectsController#index as HTML
  Rendering projects/index.html.erb within layouts/application
  [1m[36mProject Load (0.0ms)[0m  [1m[34mSELECT "projects".* FROM "projects"[0m
  Rendered projects/index.html.erb within layouts/application (10.0ms)
Completed 200 OK in 144ms (Views: 122.9ms | ActiveRecord: 1.0ms)


Started GET "/projects/1" for 127.0.0.1 at 2018-01-18 17:49:02 +0100
Processing by ProjectsController#show as HTML
  Parameters: {"id"=>"1"}
  [1m[36mProject Load (0.0ms)[0m  [1m[34mSELECT  "projects".* FROM "projects" WHERE "projects"."id" = ? LIMIT ?[0m  [["id", 1], ["LIMIT", 1]]
  Rendering projects/show.html.erb within layouts/application
  Rendered projects/show.html.erb within layouts/application (0.0ms)
Completed 200 OK in 125ms (Views: 106.8ms | ActiveRecord: 0.0ms)


Started GET "/" for 127.0.0.1 at 2018-01-18 17:49:04 +0100
Processing by ProjectsController#index as HTML
  Rendering projects/index.html.erb within layouts/application
  [1m[36mProject Load (0.0ms)[0m  [1m[34mSELECT "projects".* FROM "projects"[0m
  Rendered projects/index.html.erb within layouts/application (2.0ms)
Completed 200 OK in 120ms (Views: 103.2ms | ActiveRecord: 0.0ms)


Started GET "/projects/1" for 127.0.0.1 at 2018-01-18 17:49:09 +0100
Processing by ProjectsController#show as HTML
  Parameters: {"id"=>"1"}
  [1m[36mProject Load (0.0ms)[0m  [1m[34mSELECT  "projects".* FROM "projects" WHERE "projects"."id" = ? LIMIT ?[0m  [["id", 1], ["LIMIT", 1]]
  Rendering projects/show.html.erb within layouts/application
  Rendered projects/show.html.erb within layouts/application (1.0ms)
Completed 200 OK in 121ms (Views: 103.3ms | ActiveRecord: 0.0ms)


Started GET "/" for 127.0.0.1 at 2018-01-18 17:49:10 +0100
Processing by ProjectsController#index as HTML
  Rendering projects/index.html.erb within layouts/application
  [1m[36mProject Load (0.0ms)[0m  [1m[34mSELECT "projects".* FROM "projects"[0m
  Rendered projects/index.html.erb within layouts/application (2.0ms)
Completed 200 OK in 127ms (Views: 111.1ms | ActiveRecord: 0.0ms)


Started GET "/projects/1" for 127.0.0.1 at 2018-01-18 17:49:12 +0100
Processing by ProjectsController#show as HTML
  Parameters: {"id"=>"1"}
  [1m[36mProject Load (0.0ms)[0m  [1m[34mSELECT  "projects".* FROM "projects" WHERE "projects"."id" = ? LIMIT ?[0m  [["id", 1], ["LIMIT", 1]]
  Rendering projects/show.html.erb within layouts/application
  Rendered projects/show.html.erb within layouts/application (1.0ms)
Completed 200 OK in 131ms (Views: 113.9ms | ActiveRecord: 0.0ms)


Started GET "/" for 127.0.0.1 at 2018-01-18 17:49:13 +0100
Processing by ProjectsController#index as HTML
  Rendering projects/index.html.erb within layouts/application
  [1m[36mProject Load (0.0ms)[0m  [1m[34mSELECT "projects".* FROM "projects"[0m
  Rendered projects/index.html.erb within layouts/application (2.0ms)
Completed 200 OK in 123ms (Views: 107.0ms | ActiveRecord: 0.0ms)


Started GET "/projects/1" for 127.0.0.1 at 2018-01-18 17:49:13 +0100
Processing by ProjectsController#show as HTML
  Parameters: {"id"=>"1"}
  [1m[36mProject Load (1.0ms)[0m  [1m[34mSELECT  "projects".* FROM "projects" WHERE "projects"."id" = ? LIMIT ?[0m  [["id", 1], ["LIMIT", 1]]
  Rendering projects/show.html.erb within layouts/application
  Rendered projects/show.html.erb within layouts/application (1.0ms)
Completed 200 OK in 125ms (Views: 108.4ms | ActiveRecord: 1.0ms)


Started GET "/" for 127.0.0.1 at 2018-01-18 17:49:17 +0100
Processing by ProjectsController#index as HTML
  Rendering projects/index.html.erb within layouts/application
  [1m[36mProject Load (0.0ms)[0m  [1m[34mSELECT "projects".* FROM "projects"[0m
  Rendered projects/index.html.erb within layouts/application (2.0ms)
Completed 200 OK in 120ms (Views: 104.3ms | ActiveRecord: 0.0ms)


Started GET "/projects/1" for 127.0.0.1 at 2018-01-18 17:49:18 +0100
Processing by ProjectsController#show as HTML
  Parameters: {"id"=>"1"}
  [1m[36mProject Load (1.0ms)[0m  [1m[34mSELECT  "projects".* FROM "projects" WHERE "projects"."id" = ? LIMIT ?[0m  [["id", 1], ["LIMIT", 1]]
  Rendering projects/show.html.erb within layouts/application
  Rendered projects/show.html.erb within layouts/application (1.0ms)
Completed 200 OK in 123ms (Views: 105.1ms | ActiveRecord: 1.0ms)


Started GET "/" for 127.0.0.1 at 2018-01-18 17:50:03 +0100
Processing by ProjectsController#index as HTML
  Rendering projects/index.html.erb within layouts/application
  [1m[36mProject Load (1.0ms)[0m  [1m[34mSELECT "projects".* FROM "projects"[0m
  Rendered projects/index.html.erb within layouts/application (9.0ms)
Completed 200 OK in 134ms (Views: 114.8ms | ActiveRecord: 3.0ms)


Started GET "/" for 127.0.0.1 at 2018-01-18 17:52:53 +0100
Processing by ProjectsController#index as HTML
  Rendering projects/index.html.erb within layouts/application
  [1m[36mProject Load (0.0ms)[0m  [1m[34mSELECT "projects".* FROM "projects"[0m
  Rendered projects/index.html.erb within layouts/application (10.0ms)
Completed 200 OK in 142ms (Views: 121.9ms | ActiveRecord: 1.0ms)


Started GET "/" for 127.0.0.1 at 2018-01-18 17:57:10 +0100
Processing by ProjectsController#index as HTML
  Rendering projects/index.html.erb within layouts/application
  [1m[36mProject Load (0.0ms)[0m  [1m[34mSELECT "projects".* FROM "projects"[0m
  Rendered projects/index.html.erb within layouts/application (2.0ms)
Completed 200 OK in 132ms (Views: 116.2ms | ActiveRecord: 0.0ms)


Started GET "/" for 127.0.0.1 at 2018-01-18 18:08:33 +0100
  [1m[35m (0.0ms)[0m  [1m[34mSELECT "schema_migrations"."version" FROM "schema_migrations" ORDER BY "schema_migrations"."version" ASC[0m
Processing by ProjectsController#index as HTML
  Rendering projects/index.html.erb within layouts/application
  [1m[36mProject Load (0.0ms)[0m  [1m[34mSELECT "projects".* FROM "projects"[0m
  Rendered projects/index.html.erb within layouts/application (13.0ms)
Completed 200 OK in 429ms (Views: 399.6ms | ActiveRecord: 2.0ms)


Started GET "/" for 127.0.0.1 at 2018-01-18 18:08:53 +0100
Processing by ProjectsController#index as HTML
  Rendering projects/index.html.erb within layouts/application
  [1m[36mProject Load (0.0ms)[0m  [1m[34mSELECT "projects".* FROM "projects"[0m
  Rendered projects/index.html.erb within layouts/application (4.0ms)
Completed 200 OK in 136ms (Views: 119.9ms | ActiveRecord: 0.0ms)


Started GET "/projects/1/edit" for 127.0.0.1 at 2018-01-18 18:08:55 +0100
Processing by ProjectsController#edit as HTML
  Parameters: {"id"=>"1"}
  [1m[36mProject Load (0.0ms)[0m  [1m[34mSELECT  "projects".* FROM "projects" WHERE "projects"."id" = ? LIMIT ?[0m  [["id", 1], ["LIMIT", 1]]
  Rendering projects/edit.html.erb within layouts/application
  Rendered projects/edit.html.erb within layouts/application (166.0ms)
Completed 500 Internal Server Error in 234ms (ActiveRecord: 0.0ms)


  
ActionView::Template::Error (undefined method `text' for #<ActionView::Helpers::FormBuilder:0x000000000be1b260>):
    3: <%=form_for @project do |f| %>
    4: 	<p>
    5: 		<%= f.label :title %><br>
    6: 		<%=f.text.field :title %>
    7: 	</p>
    8: 	<p>
    9: 		<%= f.label :description %><br>
  
app/views/projects/edit.html.erb:6:in `block in _app_views_projects_edit_html_erb__323886197_99605640'
app/views/projects/edit.html.erb:3:in `_app_views_projects_edit_html_erb__323886197_99605640'
Started GET "/projects/1/edit" for 127.0.0.1 at 2018-01-18 18:09:22 +0100
Processing by ProjectsController#edit as HTML
  Parameters: {"id"=>"1"}
  [1m[36mProject Load (0.0ms)[0m  [1m[34mSELECT  "projects".* FROM "projects" WHERE "projects"."id" = ? LIMIT ?[0m  [["id", 1], ["LIMIT", 1]]
  Rendering projects/edit.html.erb within layouts/application
  Rendered projects/edit.html.erb within layouts/application (137.0ms)
Completed 500 Internal Server Error in 201ms (ActiveRecord: 0.0ms)


  
ActionView::Template::Error (undefined method `text' for #<ActionView::Helpers::FormBuilder:0x000000000b07a278>):
     7: 	</p>
     8: 	<p>
     9: 		<%= f.label :description %><br>
    10: 		<%=f.text.area :description %>
    11: 	</p>
    12: 	<p>
    13: 		<%= f.label :due_date %><br>
  
app/views/projects/edit.html.erb:10:in `block in _app_views_projects_edit_html_erb__323886197_92640900'
app/views/projects/edit.html.erb:3:in `_app_views_projects_edit_html_erb__323886197_92640900'
Started GET "/projects/1/edit" for 127.0.0.1 at 2018-01-18 18:09:33 +0100
Processing by ProjectsController#edit as HTML
  Parameters: {"id"=>"1"}
  [1m[36mProject Load (0.0ms)[0m  [1m[34mSELECT  "projects".* FROM "projects" WHERE "projects"."id" = ? LIMIT ?[0m  [["id", 1], ["LIMIT", 1]]
  Rendering projects/edit.html.erb within layouts/application
  Rendered projects/edit.html.erb within layouts/application (130.0ms)
Completed 500 Internal Server Error in 196ms (ActiveRecord: 0.0ms)


  
ActionView::Template::Error (undefined method `datetime_local' for #<ActionView::Helpers::FormBuilder:0x000000000bf5a748>
Did you mean?  datetime_local_field):
    11: 	</p>
    12: 	<p>
    13: 		<%= f.label :due_date %><br>
    14: 		<%=f.datetime_local :due_date %>
    15: 	</p>
    16: <%= f.submit %>
    17: <% end %>
  
app/views/projects/edit.html.erb:14:in `block in _app_views_projects_edit_html_erb__323886197_100123100'
app/views/projects/edit.html.erb:3:in `_app_views_projects_edit_html_erb__323886197_100123100'
Started GET "/projects/1/edit" for 127.0.0.1 at 2018-01-18 18:11:33 +0100
  
SyntaxError (C:/Users/STUDENT/Desktop/RubyOnRails/basecamp/app/controllers/projects_controller.rb:30: syntax error, unexpected end-of-input, expecting keyword_end):
  
app/controllers/projects_controller.rb:30: syntax error, unexpected end-of-input, expecting keyword_end
Started GET "/projects/1/edit" for 127.0.0.1 at 2018-01-18 18:12:04 +0100
Processing by ProjectsController#edit as HTML
  Parameters: {"id"=>"1"}
  [1m[36mProject Load (0.0ms)[0m  [1m[34mSELECT  "projects".* FROM "projects" WHERE "projects"."id" = ? LIMIT ?[0m  [["id", 1], ["LIMIT", 1]]
  Rendering projects/edit.html.erb within layouts/application
  Rendered projects/edit.html.erb within layouts/application (110.0ms)
Completed 500 Internal Server Error in 188ms (ActiveRecord: 1.0ms)


  
ActionView::Template::Error (undefined method `datetime_local' for #<ActionView::Helpers::FormBuilder:0x000000000bcf1038>
Did you mean?  datetime_local_field):
    11: 	</p>
    12: 	<p>
    13: 		<%= f.label :due_date %><br>
    14: 		<%= f.datetime_local :due_date %>
    15: 	</p>
    16: <%= f.submit %>
    17: <% end %>
  
app/views/projects/edit.html.erb:14:in `block in _app_views_projects_edit_html_erb__323886197_99121940'
app/views/projects/edit.html.erb:3:in `_app_views_projects_edit_html_erb__323886197_99121940'
Started GET "/projects/1/edit" for 127.0.0.1 at 2018-01-18 18:12:29 +0100
Processing by ProjectsController#edit as HTML
  Parameters: {"id"=>"1"}
  [1m[36mProject Load (0.0ms)[0m  [1m[34mSELECT  "projects".* FROM "projects" WHERE "projects"."id" = ? LIMIT ?[0m  [["id", 1], ["LIMIT", 1]]
  Rendering projects/edit.html.erb within layouts/application
  Rendered projects/edit.html.erb within layouts/application (31.0ms)
Completed 200 OK in 158ms (Views: 140.9ms | ActiveRecord: 0.0ms)


Started GET "/" for 127.0.0.1 at 2018-01-18 18:12:32 +0100
Processing by ProjectsController#index as HTML
  Rendering projects/index.html.erb within layouts/application
  [1m[36mProject Load (0.0ms)[0m  [1m[34mSELECT "projects".* FROM "projects"[0m
  Rendered projects/index.html.erb within layouts/application (2.0ms)
Completed 200 OK in 122ms (Views: 105.6ms | ActiveRecord: 0.0ms)


Started GET "/projects/1/edit" for 127.0.0.1 at 2018-01-18 18:12:34 +0100
Processing by ProjectsController#edit as HTML
  Parameters: {"id"=>"1"}
  [1m[36mProject Load (0.0ms)[0m  [1m[34mSELECT  "projects".* FROM "projects" WHERE "projects"."id" = ? LIMIT ?[0m  [["id", 1], ["LIMIT", 1]]
  Rendering projects/edit.html.erb within layouts/application
  Rendered projects/edit.html.erb within layouts/application (2.0ms)
Completed 200 OK in 132ms (Views: 113.5ms | ActiveRecord: 0.0ms)


Started PATCH "/projects/1" for 127.0.0.1 at 2018-01-18 18:13:21 +0100
  
SyntaxError (C:/Users/STUDENT/Desktop/RubyOnRails/basecamp/app/controllers/projects_controller.rb:35: syntax error, unexpected end-of-input, expecting keyword_end):
  
app/controllers/projects_controller.rb:35: syntax error, unexpected end-of-input, expecting keyword_end
Started GET "/" for 127.0.0.1 at 2018-01-18 18:13:40 +0100
  
SyntaxError (C:/Users/STUDENT/Desktop/RubyOnRails/basecamp/app/controllers/projects_controller.rb:35: syntax error, unexpected end-of-input, expecting keyword_end):
  
app/controllers/projects_controller.rb:35: syntax error, unexpected end-of-input, expecting keyword_end
Started GET "/" for 127.0.0.1 at 2018-01-18 18:14:52 +0100
  
SyntaxError (C:/Users/STUDENT/Desktop/RubyOnRails/basecamp/app/controllers/projects_controller.rb:35: syntax error, unexpected end-of-input, expecting keyword_end):
  
app/controllers/projects_controller.rb:35: syntax error, unexpected end-of-input, expecting keyword_end
Started GET "/projects/1/edit" for 127.0.0.1 at 2018-01-18 18:14:59 +0100
  
SyntaxError (C:/Users/STUDENT/Desktop/RubyOnRails/basecamp/app/controllers/projects_controller.rb:35: syntax error, unexpected end-of-input, expecting keyword_end):
  
app/controllers/projects_controller.rb:35: syntax error, unexpected end-of-input, expecting keyword_end
Started GET "/projects/1/edit" for 127.0.0.1 at 2018-01-18 18:15:20 +0100
Processing by ProjectsController#edit as HTML
  Parameters: {"id"=>"1"}
  [1m[36mProject Load (0.0ms)[0m  [1m[34mSELECT  "projects".* FROM "projects" WHERE "projects"."id" = ? LIMIT ?[0m  [["id", 1], ["LIMIT", 1]]
  Rendering projects/edit.html.erb within layouts/application
  Rendered projects/edit.html.erb within layouts/application (2.0ms)
Completed 200 OK in 140ms (Views: 109.3ms | ActiveRecord: 1.0ms)


Started PATCH "/projects/1" for 127.0.0.1 at 2018-01-18 18:15:27 +0100
Processing by ProjectsController#update as HTML
  Parameters: {"utf8"=>"✓", "authenticity_token"=>"3e7Kn1acJE702q7n5NY8/jKkylF12QJQ8IkfDpgT9UHtCcVEQLQgHf1xSNEWD9M4YkDiAHk4kQeuT0jxk5SDmg==", "project"=>{"title"=>"My first project", "description"=>"project description", "due_date"=>""}, "commit"=>"Update Project", "id"=>"1"}
  [1m[36mProject Load (0.0ms)[0m  [1m[34mSELECT  "projects".* FROM "projects" WHERE "projects"."id" = ? LIMIT ?[0m  [["id", 1], ["LIMIT", 1]]
  [1m[35m (0.0ms)[0m  [1m[36mbegin transaction[0m
  [1m[35m (0.0ms)[0m  [1m[31mrollback transaction[0m
Completed 500 Internal Server Error in 4ms (ActiveRecord: 0.0ms)


  
ActiveModel::ForbiddenAttributesError (ActiveModel::ForbiddenAttributesError):
  
app/controllers/projects_controller.rb:22:in `update'
Started GET "/" for 127.0.0.1 at 2018-01-18 18:16:34 +0100
Processing by ProjectsController#index as HTML
  Rendering projects/index.html.erb within layouts/application
  [1m[36mProject Load (0.0ms)[0m  [1m[34mSELECT "projects".* FROM "projects"[0m
  Rendered projects/index.html.erb within layouts/application (12.0ms)
Completed 200 OK in 164ms (Views: 139.0ms | ActiveRecord: 2.0ms)


Started GET "/projects/1/edit" for 127.0.0.1 at 2018-01-18 18:16:36 +0100
Processing by ProjectsController#edit as HTML
  Parameters: {"id"=>"1"}
  [1m[36mProject Load (0.0ms)[0m  [1m[34mSELECT  "projects".* FROM "projects" WHERE "projects"."id" = ? LIMIT ?[0m  [["id", 1], ["LIMIT", 1]]
  Rendering projects/edit.html.erb within layouts/application
  Rendered projects/edit.html.erb within layouts/application (3.0ms)
Completed 200 OK in 147ms (Views: 125.6ms | ActiveRecord: 0.0ms)


Started PATCH "/projects/1" for 127.0.0.1 at 2018-01-18 18:17:10 +0100
Processing by ProjectsController#update as HTML
  Parameters: {"utf8"=>"✓", "authenticity_token"=>"bsz2lE5o6OkNPfOwoktLieNbCb8vmVhjuRf15x7FUOGg+td1gwQr1J/BUTwI9FfS8j16r/cObi+TcgqhONbKxw==", "project"=>{"title"=>"My first project", "description"=>"project description", "due_date"=>""}, "commit"=>"Update Project", "id"=>"1"}
  [1m[36mProject Load (1.0ms)[0m  [1m[34mSELECT  "projects".* FROM "projects" WHERE "projects"."id" = ? LIMIT ?[0m  [["id", 1], ["LIMIT", 1]]
  [1m[35m (0.0ms)[0m  [1m[36mbegin transaction[0m
  [1m[35mSQL (1.0ms)[0m  [1m[33mUPDATE "projects" SET "description" = ?, "updated_at" = ? WHERE "projects"."id" = ?[0m  [["description", "project description"], ["updated_at", "2018-01-18 17:17:10.190268"], ["id", 1]]
  [1m[35m (39.0ms)[0m  [1m[36mcommit transaction[0m
Redirected to http://localhost:3000/
Completed 302 Found in 48ms (ActiveRecord: 41.0ms)


Started GET "/" for 127.0.0.1 at 2018-01-18 18:17:10 +0100
Processing by ProjectsController#index as HTML
  Rendering projects/index.html.erb within layouts/application
  [1m[36mProject Load (1.0ms)[0m  [1m[34mSELECT "projects".* FROM "projects"[0m
  Rendered projects/index.html.erb within layouts/application (2.0ms)
Completed 200 OK in 144ms (Views: 123.4ms | ActiveRecord: 1.0ms)


Started GET "/projects/1/edit" for 127.0.0.1 at 2018-01-18 18:17:14 +0100
Processing by ProjectsController#edit as HTML
  Parameters: {"id"=>"1"}
  [1m[36mProject Load (0.0ms)[0m  [1m[34mSELECT  "projects".* FROM "projects" WHERE "projects"."id" = ? LIMIT ?[0m  [["id", 1], ["LIMIT", 1]]
  Rendering projects/edit.html.erb within layouts/application
  Rendered projects/edit.html.erb within layouts/application (2.0ms)
Completed 200 OK in 133ms (Views: 114.5ms | ActiveRecord: 0.0ms)


Started GET "/" for 127.0.0.1 at 2018-01-18 18:17:41 +0100
Processing by ProjectsController#index as HTML
  Rendering projects/index.html.erb within layouts/application
  [1m[36mProject Load (0.0ms)[0m  [1m[34mSELECT "projects".* FROM "projects"[0m
  Rendered projects/index.html.erb within layouts/application (10.0ms)
Completed 200 OK in 142ms (Views: 121.1ms | ActiveRecord: 1.0ms)


Started GET "/projects/1" for 127.0.0.1 at 2018-01-18 18:17:43 +0100
Processing by ProjectsController#show as HTML
  Parameters: {"id"=>"1"}
  [1m[36mProject Load (1.0ms)[0m  [1m[34mSELECT  "projects".* FROM "projects" WHERE "projects"."id" = ? LIMIT ?[0m  [["id", 1], ["LIMIT", 1]]
  Rendering projects/show.html.erb within layouts/application
  Rendered projects/show.html.erb within layouts/application (0.0ms)
Completed 200 OK in 123ms (Views: 105.6ms | ActiveRecord: 1.0ms)


Started GET "/" for 127.0.0.1 at 2018-01-18 18:17:45 +0100
Processing by ProjectsController#index as HTML
  Rendering projects/index.html.erb within layouts/application
  [1m[36mProject Load (1.0ms)[0m  [1m[34mSELECT "projects".* FROM "projects"[0m
  Rendered projects/index.html.erb within layouts/application (2.0ms)
Completed 200 OK in 126ms (Views: 108.9ms | ActiveRecord: 1.0ms)


Started GET "/projects/1/edit" for 127.0.0.1 at 2018-01-18 18:17:46 +0100
Processing by ProjectsController#edit as HTML
  Parameters: {"id"=>"1"}
  [1m[36mProject Load (1.0ms)[0m  [1m[34mSELECT  "projects".* FROM "projects" WHERE "projects"."id" = ? LIMIT ?[0m  [["id", 1], ["LIMIT", 1]]
  Rendering projects/edit.html.erb within layouts/application
  Rendered projects/edit.html.erb within layouts/application (3.0ms)
Completed 200 OK in 130ms (Views: 112.2ms | ActiveRecord: 1.0ms)


Started PATCH "/projects/1" for 127.0.0.1 at 2018-01-18 18:17:54 +0100
Processing by ProjectsController#update as HTML
  Parameters: {"utf8"=>"✓", "authenticity_token"=>"IxPazVWu7nuBGKPqrgMgd1mkQgM/FqZPKFzd+H7yT9jtJfssmMItRhPkAWYEvDwsSMIxE+eBkAMCOSK+WOHV/g==", "project"=>{"title"=>"Mój pierszy projekt", "description"=>"project description", "due_date"=>""}, "commit"=>"Update Project", "id"=>"1"}
  [1m[36mProject Load (0.0ms)[0m  [1m[34mSELECT  "projects".* FROM "projects" WHERE "projects"."id" = ? LIMIT ?[0m  [["id", 1], ["LIMIT", 1]]
  [1m[35m (0.0ms)[0m  [1m[36mbegin transaction[0m
  [1m[35mSQL (1.0ms)[0m  [1m[33mUPDATE "projects" SET "title" = ?, "updated_at" = ? WHERE "projects"."id" = ?[0m  [["title", "Mój pierszy projekt"], ["updated_at", "2018-01-18 17:17:54.861361"], ["id", 1]]
  [1m[35m (44.0ms)[0m  [1m[36mcommit transaction[0m
Redirected to http://localhost:3000/
Completed 302 Found in 54ms (ActiveRecord: 45.0ms)


Started GET "/" for 127.0.0.1 at 2018-01-18 18:17:54 +0100
Processing by ProjectsController#index as HTML
  Rendering projects/index.html.erb within layouts/application
  [1m[36mProject Load (1.0ms)[0m  [1m[34mSELECT "projects".* FROM "projects"[0m
  Rendered projects/index.html.erb within layouts/application (2.0ms)
Completed 200 OK in 128ms (Views: 110.3ms | ActiveRecord: 1.0ms)


Started GET "/projects/1" for 127.0.0.1 at 2018-01-18 18:17:56 +0100
Processing by ProjectsController#show as HTML
  Parameters: {"id"=>"1"}
  [1m[36mProject Load (1.0ms)[0m  [1m[34mSELECT  "projects".* FROM "projects" WHERE "projects"."id" = ? LIMIT ?[0m  [["id", 1], ["LIMIT", 1]]
  Rendering projects/show.html.erb within layouts/application
  Rendered projects/show.html.erb within layouts/application (0.0ms)
Completed 200 OK in 123ms (Views: 105.4ms | ActiveRecord: 1.0ms)


Started GET "/" for 127.0.0.1 at 2018-01-18 18:18:00 +0100
Processing by ProjectsController#index as HTML
  Rendering projects/index.html.erb within layouts/application
  [1m[36mProject Load (1.0ms)[0m  [1m[34mSELECT "projects".* FROM "projects"[0m
  Rendered projects/index.html.erb within layouts/application (3.0ms)
Completed 200 OK in 123ms (Views: 105.5ms | ActiveRecord: 1.0ms)


Started GET "/projects/1/edit" for 127.0.0.1 at 2018-01-18 18:18:01 +0100
Processing by ProjectsController#edit as HTML
  Parameters: {"id"=>"1"}
  [1m[36mProject Load (1.0ms)[0m  [1m[34mSELECT  "projects".* FROM "projects" WHERE "projects"."id" = ? LIMIT ?[0m  [["id", 1], ["LIMIT", 1]]
  Rendering projects/edit.html.erb within layouts/application
  Rendered projects/edit.html.erb within layouts/application (3.0ms)
Completed 200 OK in 125ms (Views: 107.4ms | ActiveRecord: 1.0ms)


Started PATCH "/projects/1" for 127.0.0.1 at 2018-01-18 18:18:08 +0100
Processing by ProjectsController#update as HTML
  Parameters: {"utf8"=>"✓", "authenticity_token"=>"lxHPh/2/cuAerxH6N8sx7cvEJDPgUwpEru8n26x7tyNZJ+5mMNOx3YxTs3addC222qJXIzjEPAiEitidimgtBQ==", "project"=>{"title"=>"Mój pierszy projekt", "description"=>"Opis projektu", "due_date"=>""}, "commit"=>"Update Project", "id"=>"1"}
  [1m[36mProject Load (1.0ms)[0m  [1m[34mSELECT  "projects".* FROM "projects" WHERE "projects"."id" = ? LIMIT ?[0m  [["id", 1], ["LIMIT", 1]]
  [1m[35m (0.0ms)[0m  [1m[36mbegin transaction[0m
  [1m[35mSQL (0.0ms)[0m  [1m[33mUPDATE "projects" SET "description" = ?, "updated_at" = ? WHERE "projects"."id" = ?[0m  [["description", "Opis projektu"], ["updated_at", "2018-01-18 17:18:08.940516"], ["id", 1]]
  [1m[35m (47.0ms)[0m  [1m[36mcommit transaction[0m
Redirected to http://localhost:3000/
Completed 302 Found in 58ms (ActiveRecord: 48.0ms)


Started GET "/" for 127.0.0.1 at 2018-01-18 18:18:09 +0100
Processing by ProjectsController#index as HTML
  Rendering projects/index.html.erb within layouts/application
  [1m[36mProject Load (0.0ms)[0m  [1m[34mSELECT "projects".* FROM "projects"[0m
  Rendered projects/index.html.erb within layouts/application (2.0ms)
Completed 200 OK in 123ms (Views: 107.3ms | ActiveRecord: 0.0ms)


Started GET "/projects/1" for 127.0.0.1 at 2018-01-18 18:18:10 +0100
Processing by ProjectsController#show as HTML
  Parameters: {"id"=>"1"}
  [1m[36mProject Load (0.0ms)[0m  [1m[34mSELECT  "projects".* FROM "projects" WHERE "projects"."id" = ? LIMIT ?[0m  [["id", 1], ["LIMIT", 1]]
  Rendering projects/show.html.erb within layouts/application
  Rendered projects/show.html.erb within layouts/application (0.0ms)
Completed 200 OK in 124ms (Views: 107.0ms | ActiveRecord: 0.0ms)


Started GET "/" for 127.0.0.1 at 2018-01-18 18:18:12 +0100
Processing by ProjectsController#index as HTML
  Rendering projects/index.html.erb within layouts/application
  [1m[36mProject Load (0.0ms)[0m  [1m[34mSELECT "projects".* FROM "projects"[0m
  Rendered projects/index.html.erb within layouts/application (2.0ms)
Completed 200 OK in 125ms (Views: 107.8ms | ActiveRecord: 0.0ms)


Started GET "/projects/1/edit" for 127.0.0.1 at 2018-01-18 18:18:13 +0100
Processing by ProjectsController#edit as HTML
  Parameters: {"id"=>"1"}
  [1m[36mProject Load (0.0ms)[0m  [1m[34mSELECT  "projects".* FROM "projects" WHERE "projects"."id" = ? LIMIT ?[0m  [["id", 1], ["LIMIT", 1]]
  Rendering projects/edit.html.erb within layouts/application
  Rendered projects/edit.html.erb within layouts/application (2.0ms)
Completed 200 OK in 130ms (Views: 112.0ms | ActiveRecord: 0.0ms)


Started GET "/" for 127.0.0.1 at 2018-01-18 18:18:16 +0100
Processing by ProjectsController#index as HTML
  Rendering projects/index.html.erb within layouts/application
  [1m[36mProject Load (0.0ms)[0m  [1m[34mSELECT "projects".* FROM "projects"[0m
  Rendered projects/index.html.erb within layouts/application (2.0ms)
Completed 200 OK in 131ms (Views: 114.2ms | ActiveRecord: 0.0ms)


Started GET "/" for 127.0.0.1 at 2018-01-18 18:20:36 +0100
Processing by ProjectsController#index as HTML
  Rendering projects/index.html.erb within layouts/application
  [1m[36mProject Load (0.0ms)[0m  [1m[34mSELECT "projects".* FROM "projects"[0m
  Rendered projects/index.html.erb within layouts/application (2.0ms)
Completed 200 OK in 124ms (Views: 106.7ms | ActiveRecord: 0.0ms)


Started GET "/projects/new.1" for 127.0.0.1 at 2018-01-18 18:20:38 +0100
Processing by ProjectsController#new as 
  Rendering projects/new.html.erb within layouts/application
  Rendered projects/new.html.erb within layouts/application (179.0ms)
Completed 500 Internal Server Error in 574ms (ActiveRecord: 0.0ms)


  
ActionView::Template::Error (undefined method `title' for nil:NilClass):
    1: <h1>New <%= @project.title %> </h1>
  
app/views/projects/new.html.erb:1:in `_app_views_projects_new_html_erb__43355295_99075360'
Started GET "/" for 127.0.0.1 at 2018-01-18 18:21:16 +0100
Processing by ProjectsController#index as HTML
  Rendering projects/index.html.erb within layouts/application
  [1m[36mProject Load (1.0ms)[0m  [1m[34mSELECT "projects".* FROM "projects"[0m
  Rendered projects/index.html.erb within layouts/application (10.0ms)
Completed 200 OK in 140ms (Views: 119.3ms | ActiveRecord: 2.0ms)


Started GET "/projects/new.1" for 127.0.0.1 at 2018-01-18 18:21:17 +0100
Processing by ProjectsController#new as 
  [1m[36mProject Load (0.0ms)[0m  [1m[34mSELECT  "projects".* FROM "projects" WHERE "projects"."id" = ? LIMIT ?[0m  [["id", nil], ["LIMIT", 1]]
Completed 404 Not Found in 2ms (ActiveRecord: 0.0ms)


  
ActiveRecord::RecordNotFound (Couldn't find Project with 'id'=):
  
app/controllers/projects_controller.rb:11:in `new'
Started GET "/" for 127.0.0.1 at 2018-01-18 18:22:58 +0100
Processing by ProjectsController#index as HTML
  Rendering projects/index.html.erb within layouts/application
  [1m[36mProject Load (1.0ms)[0m  [1m[34mSELECT "projects".* FROM "projects"[0m
  Rendered projects/index.html.erb within layouts/application (2.0ms)
Completed 200 OK in 135ms (Views: 116.9ms | ActiveRecord: 1.0ms)


Started GET "/projects/1" for 127.0.0.1 at 2018-01-18 18:23:00 +0100
Processing by ProjectsController#show as HTML
  Parameters: {"id"=>"1"}
  [1m[36mProject Load (0.0ms)[0m  [1m[34mSELECT  "projects".* FROM "projects" WHERE "projects"."id" = ? LIMIT ?[0m  [["id", 1], ["LIMIT", 1]]
  Rendering projects/show.html.erb within layouts/application
  Rendered projects/show.html.erb within layouts/application (0.0ms)
Completed 200 OK in 126ms (Views: 108.8ms | ActiveRecord: 0.0ms)


Started GET "/" for 127.0.0.1 at 2018-01-18 18:23:02 +0100
Processing by ProjectsController#index as HTML
  Rendering projects/index.html.erb within layouts/application
  [1m[36mProject Load (0.0ms)[0m  [1m[34mSELECT "projects".* FROM "projects"[0m
  Rendered projects/index.html.erb within layouts/application (3.0ms)
Completed 200 OK in 125ms (Views: 108.4ms | ActiveRecord: 0.0ms)


Started GET "/projects/1/edit" for 127.0.0.1 at 2018-01-18 18:23:03 +0100
Processing by ProjectsController#edit as HTML
  Parameters: {"id"=>"1"}
  [1m[36mProject Load (0.0ms)[0m  [1m[34mSELECT  "projects".* FROM "projects" WHERE "projects"."id" = ? LIMIT ?[0m  [["id", 1], ["LIMIT", 1]]
  Rendering projects/edit.html.erb within layouts/application
  Rendered projects/edit.html.erb within layouts/application (3.0ms)
Completed 200 OK in 121ms (Views: 104.9ms | ActiveRecord: 0.0ms)


Started GET "/" for 127.0.0.1 at 2018-01-18 18:23:05 +0100
Processing by ProjectsController#index as HTML
  Rendering projects/index.html.erb within layouts/application
  [1m[36mProject Load (0.0ms)[0m  [1m[34mSELECT "projects".* FROM "projects"[0m
  Rendered projects/index.html.erb within layouts/application (2.0ms)
Completed 200 OK in 131ms (Views: 115.0ms | ActiveRecord: 0.0ms)


Started GET "/projects/new.1" for 127.0.0.1 at 2018-01-18 18:23:05 +0100
Processing by ProjectsController#new as 
  [1m[36mProject Load (0.0ms)[0m  [1m[34mSELECT  "projects".* FROM "projects" WHERE "projects"."id" = ? LIMIT ?[0m  [["id", nil], ["LIMIT", 1]]
Completed 404 Not Found in 2ms (ActiveRecord: 0.0ms)


  
ActiveRecord::RecordNotFound (Couldn't find Project with 'id'=):
  
app/controllers/projects_controller.rb:11:in `new'
Started GET "/" for 127.0.0.1 at 2018-01-18 18:23:50 +0100
Processing by ProjectsController#index as HTML
  Rendering projects/index.html.erb within layouts/application
  [1m[36mProject Load (0.0ms)[0m  [1m[34mSELECT "projects".* FROM "projects"[0m
  Rendered projects/index.html.erb within layouts/application (2.0ms)
Completed 200 OK in 126ms (Views: 110.0ms | ActiveRecord: 0.0ms)


Started GET "/projects/1/edit" for 127.0.0.1 at 2018-01-18 18:23:57 +0100
Processing by ProjectsController#edit as HTML
  Parameters: {"id"=>"1"}
  [1m[36mProject Load (0.0ms)[0m  [1m[34mSELECT  "projects".* FROM "projects" WHERE "projects"."id" = ? LIMIT ?[0m  [["id", 1], ["LIMIT", 1]]
  Rendering projects/edit.html.erb within layouts/application
  Rendered projects/edit.html.erb within layouts/application (2.0ms)
Completed 200 OK in 132ms (Views: 114.0ms | ActiveRecord: 0.0ms)


Started GET "/" for 127.0.0.1 at 2018-01-18 18:23:58 +0100
Processing by ProjectsController#index as HTML
  Rendering projects/index.html.erb within layouts/application
  [1m[36mProject Load (1.0ms)[0m  [1m[34mSELECT "projects".* FROM "projects"[0m
  Rendered projects/index.html.erb within layouts/application (2.0ms)
Completed 200 OK in 125ms (Views: 108.0ms | ActiveRecord: 1.0ms)


Started GET "/" for 127.0.0.1 at 2018-01-18 18:24:34 +0100
  [1m[35m (0.0ms)[0m  [1m[34mSELECT "schema_migrations"."version" FROM "schema_migrations" ORDER BY "schema_migrations"."version" ASC[0m
Processing by ProjectsController#index as HTML
  Rendering projects/index.html.erb within layouts/application
  [1m[36mProject Load (1.0ms)[0m  [1m[34mSELECT "projects".* FROM "projects"[0m
  Rendered projects/index.html.erb within layouts/application (13.0ms)
Completed 200 OK in 416ms (Views: 386.8ms | ActiveRecord: 3.0ms)


Started GET "/projects/1/edit" for 127.0.0.1 at 2018-01-18 18:24:45 +0100
Processing by ProjectsController#edit as HTML
  Parameters: {"id"=>"1"}
  [1m[36mProject Load (0.0ms)[0m  [1m[34mSELECT  "projects".* FROM "projects" WHERE "projects"."id" = ? LIMIT ?[0m  [["id", 1], ["LIMIT", 1]]
  Rendering projects/edit.html.erb within layouts/application
  Rendered projects/edit.html.erb within layouts/application (31.0ms)
Completed 200 OK in 165ms (Views: 138.9ms | ActiveRecord: 0.0ms)


Started GET "/projects/1" for 127.0.0.1 at 2018-01-18 18:24:46 +0100
Processing by ProjectsController#show as HTML
  Parameters: {"id"=>"1"}
  [1m[36mProject Load (0.0ms)[0m  [1m[34mSELECT  "projects".* FROM "projects" WHERE "projects"."id" = ? LIMIT ?[0m  [["id", 1], ["LIMIT", 1]]
  Rendering projects/show.html.erb within layouts/application
  Rendered projects/show.html.erb within layouts/application (0.0ms)
Completed 200 OK in 119ms (Views: 102.6ms | ActiveRecord: 0.0ms)


Started GET "/" for 127.0.0.1 at 2018-01-18 18:24:47 +0100
Processing by ProjectsController#index as HTML
  Rendering projects/index.html.erb within layouts/application
  [1m[36mProject Load (0.0ms)[0m  [1m[34mSELECT "projects".* FROM "projects"[0m
  Rendered projects/index.html.erb within layouts/application (2.0ms)
Completed 200 OK in 133ms (Views: 117.2ms | ActiveRecord: 0.0ms)


Started GET "/projects/1/edit" for 127.0.0.1 at 2018-01-18 18:24:48 +0100
Processing by ProjectsController#edit as HTML
  Parameters: {"id"=>"1"}
  [1m[36mProject Load (0.0ms)[0m  [1m[34mSELECT  "projects".* FROM "projects" WHERE "projects"."id" = ? LIMIT ?[0m  [["id", 1], ["LIMIT", 1]]
  Rendering projects/edit.html.erb within layouts/application
  Rendered projects/edit.html.erb within layouts/application (3.0ms)
Completed 200 OK in 123ms (Views: 104.5ms | ActiveRecord: 0.0ms)


Started GET "/" for 127.0.0.1 at 2018-01-18 18:24:49 +0100
Processing by ProjectsController#index as HTML
  Rendering projects/index.html.erb within layouts/application
  [1m[36mProject Load (1.0ms)[0m  [1m[34mSELECT "projects".* FROM "projects"[0m
  Rendered projects/index.html.erb within layouts/application (2.0ms)
Completed 200 OK in 123ms (Views: 104.6ms | ActiveRecord: 1.0ms)


Started GET "/projects/new.1" for 127.0.0.1 at 2018-01-18 18:24:50 +0100
Processing by ProjectsController#new as 
  [1m[36mProject Load (0.0ms)[0m  [1m[34mSELECT  "projects".* FROM "projects" WHERE "projects"."id" = ? LIMIT ?[0m  [["id", nil], ["LIMIT", 1]]
Completed 404 Not Found in 2ms (ActiveRecord: 0.0ms)


  
ActiveRecord::RecordNotFound (Couldn't find Project with 'id'=):
  
app/controllers/projects_controller.rb:11:in `new'
Started GET "/projects/new.1" for 127.0.0.1 at 2018-01-18 18:25:30 +0100
Processing by ProjectsController#new as 
  [1m[36mProject Load (1.0ms)[0m  [1m[34mSELECT  "projects".* FROM "projects" WHERE "projects"."id" = ? LIMIT ?[0m  [["id", nil], ["LIMIT", 1]]
Completed 404 Not Found in 2ms (ActiveRecord: 1.0ms)


  
ActiveRecord::RecordNotFound (Couldn't find Project with 'id'=):
  
app/controllers/projects_controller.rb:11:in `new'
Started GET "/projects/1/edit" for 127.0.0.1 at 2018-01-18 18:27:48 +0100
Processing by ProjectsController#edit as HTML
  Parameters: {"id"=>"1"}
  [1m[36mProject Load (0.0ms)[0m  [1m[34mSELECT  "projects".* FROM "projects" WHERE "projects"."id" = ? LIMIT ?[0m  [["id", 1], ["LIMIT", 1]]
  Rendering projects/edit.html.erb within layouts/application
  Rendered projects/edit.html.erb within layouts/application (2.0ms)
Completed 200 OK in 129ms (Views: 110.8ms | ActiveRecord: 0.0ms)


Started GET "/projects/1/edit" for 127.0.0.1 at 2018-01-18 18:28:10 +0100
Processing by ProjectsController#edit as HTML
  Parameters: {"id"=>"1"}
  [1m[36mProject Load (0.0ms)[0m  [1m[34mSELECT  "projects".* FROM "projects" WHERE "projects"."id" = ? LIMIT ?[0m  [["id", 1], ["LIMIT", 1]]
  Rendering projects/edit.html.erb within layouts/application
  Rendered projects/edit.html.erb within layouts/application (18.0ms)
Completed 500 Internal Server Error in 81ms (ActiveRecord: 0.0ms)


  
ActionView::Template::Error (wrong number of arguments (given 0, expected 1..2)):
    3: <%=form_for @project do |f| %>
    4: 	<p>
    5: 		<%= f.label :title %><br>
    6: 		<%= f.text_field  %>
    7: 	</p>
    8: 	<p>
    9: 		<%= f.label :description %><br>
  
app/views/projects/edit.html.erb:6:in `block in _app_views_projects_edit_html_erb___386164888_96017240'
app/views/projects/edit.html.erb:3:in `_app_views_projects_edit_html_erb___386164888_96017240'
Started GET "/projects/1/edit" for 127.0.0.1 at 2018-01-18 18:28:23 +0100
Processing by ProjectsController#edit as HTML
  Parameters: {"id"=>"1"}
  [1m[36mProject Load (0.0ms)[0m  [1m[34mSELECT  "projects".* FROM "projects" WHERE "projects"."id" = ? LIMIT ?[0m  [["id", 1], ["LIMIT", 1]]
  Rendering projects/edit.html.erb within layouts/application
  Rendered projects/edit.html.erb within layouts/application (2.0ms)
Completed 200 OK in 130ms (Views: 112.1ms | ActiveRecord: 0.0ms)


Started GET "/" for 127.0.0.1 at 2018-01-18 18:29:11 +0100
Processing by ProjectsController#index as HTML
  Rendering projects/index.html.erb within layouts/application
  [1m[36mProject Load (0.0ms)[0m  [1m[34mSELECT "projects".* FROM "projects"[0m
  Rendered projects/index.html.erb within layouts/application (2.0ms)
Completed 200 OK in 130ms (Views: 112.7ms | ActiveRecord: 0.0ms)


Started GET "/projects/new.1" for 127.0.0.1 at 2018-01-18 18:29:12 +0100
Processing by ProjectsController#new as 
  [1m[36mProject Load (0.0ms)[0m  [1m[34mSELECT  "projects".* FROM "projects" WHERE "projects"."id" = ? LIMIT ?[0m  [["id", nil], ["LIMIT", 1]]
Completed 404 Not Found in 1ms (ActiveRecord: 0.0ms)


  
ActiveRecord::RecordNotFound (Couldn't find Project with 'id'=):
  
app/controllers/projects_controller.rb:11:in `new'
Started GET "/" for 127.0.0.1 at 2018-01-18 18:29:38 +0100
Processing by ProjectsController#index as HTML
  Rendering projects/index.html.erb within layouts/application
  [1m[36mProject Load (0.0ms)[0m  [1m[34mSELECT "projects".* FROM "projects"[0m
  Rendered projects/index.html.erb within layouts/application (10.0ms)
Completed 200 OK in 141ms (Views: 120.8ms | ActiveRecord: 0.0ms)


Started GET "/projects/new.1" for 127.0.0.1 at 2018-01-18 18:29:39 +0100
Processing by ProjectsController#new as 
  Rendering projects/new.html.erb within layouts/application
  Rendered projects/new.html.erb within layouts/application (183.0ms)
Completed 500 Internal Server Error in 582ms (ActiveRecord: 0.0ms)


  
ActionView::Template::Error (undefined method `title' for nil:NilClass):
    1: <h1>New <%= @project.title %> </h1>
    2: 
    3: <%=form_for @project do |f| %>
    4: 	<p>
  
app/views/projects/new.html.erb:1:in `_app_views_projects_new_html_erb__1274706161_97435180'
Started GET "/projects/new.1" for 127.0.0.1 at 2018-01-18 18:29:54 +0100
Processing by ProjectsController#new as 
  Rendering projects/new.html.erb within layouts/application
  Rendered projects/new.html.erb within layouts/application (182.0ms)
Completed 500 Internal Server Error in 581ms (ActiveRecord: 0.0ms)


  
ActionView::Template::Error (undefined method `title' for nil:NilClass):
    1: <h1>New <%= @project.title %> </h1>
    2: 
    3: <%=form_for @project do |f| %>
    4: 	<p>
  
app/views/projects/new.html.erb:1:in `_app_views_projects_new_html_erb__1274706161_101042540'
Started GET "/projects/1/edit" for 127.0.0.1 at 2018-01-18 18:30:00 +0100
Processing by ProjectsController#edit as HTML
  Parameters: {"id"=>"1"}
  [1m[36mProject Load (1.0ms)[0m  [1m[34mSELECT  "projects".* FROM "projects" WHERE "projects"."id" = ? LIMIT ?[0m  [["id", 1], ["LIMIT", 1]]
  Rendering projects/edit.html.erb within layouts/application
  Rendered projects/edit.html.erb within layouts/application (3.0ms)
Completed 200 OK in 131ms (Views: 112.7ms | ActiveRecord: 1.0ms)


Started GET "/" for 127.0.0.1 at 2018-01-18 18:30:01 +0100
Processing by ProjectsController#index as HTML
  Rendering projects/index.html.erb within layouts/application
  [1m[36mProject Load (0.0ms)[0m  [1m[34mSELECT "projects".* FROM "projects"[0m
  Rendered projects/index.html.erb within layouts/application (2.0ms)
Completed 200 OK in 124ms (Views: 108.6ms | ActiveRecord: 0.0ms)


Started GET "/projects/new.1" for 127.0.0.1 at 2018-01-18 18:30:02 +0100
Processing by ProjectsController#new as 
  Rendering projects/new.html.erb within layouts/application
  Rendered projects/new.html.erb within layouts/application (184.0ms)
Completed 500 Internal Server Error in 580ms (ActiveRecord: 0.0ms)


  
ActionView::Template::Error (undefined method `title' for nil:NilClass):
    1: <h1>New <%= @project.title %> </h1>
    2: 
    3: <%=form_for @project do |f| %>
    4: 	<p>
  
app/views/projects/new.html.erb:1:in `_app_views_projects_new_html_erb__1274706161_98875400'
Started GET "/projects/new.1" for 127.0.0.1 at 2018-01-18 18:30:08 +0100
Processing by ProjectsController#new as 
  Rendering projects/new.html.erb within layouts/application
  Rendered projects/new.html.erb within layouts/application (181.0ms)
Completed 500 Internal Server Error in 579ms (ActiveRecord: 0.0ms)


  
ActionView::Template::Error (First argument in form cannot contain nil or be empty):
    1: <h1>New</h1>
    2: 
    3: <%=form_for @project do |f| %>
    4: 	<p>
    5: 		<%= f.label :title %><br>
    6: 		<%= f.text_field :title %>
  
app/views/projects/new.html.erb:3:in `_app_views_projects_new_html_erb__1274706161_88345580'
Started GET "/projects/new.1" for 127.0.0.1 at 2018-01-18 18:31:30 +0100
Processing by ProjectsController#new as 
  Rendering projects/new.html.erb within layouts/application
  Rendered projects/new.html.erb within layouts/application (178.0ms)
Completed 500 Internal Server Error in 572ms (ActiveRecord: 0.0ms)


  
ActionView::Template::Error (First argument in form cannot contain nil or be empty):
    1: <h1>New</h1>
    2: 
    3: <%=form_for @project do |f| %>
    4: 	<p>
    5: 		<%= f.label :title %><br>
    6: 		<%= f.text_field :title %>
  
app/views/projects/new.html.erb:3:in `_app_views_projects_new_html_erb__1274706161_94834320'
Started GET "/projects/new.1" for 127.0.0.1 at 2018-01-18 18:32:03 +0100
Processing by ProjectsController#new as 
  Rendering projects/new.html.erb within layouts/application
  Rendered projects/new.html.erb within layouts/application (0.0ms)
Completed 200 OK in 462ms (Views: 276.5ms | ActiveRecord: 0.0ms)


Started GET "/" for 127.0.0.1 at 2018-01-18 18:32:06 +0100
Processing by ProjectsController#index as HTML
  Rendering projects/index.html.erb within layouts/application
  [1m[36mProject Load (1.0ms)[0m  [1m[34mSELECT "projects".* FROM "projects"[0m
  Rendered projects/index.html.erb within layouts/application (2.0ms)
Completed 200 OK in 123ms (Views: 106.6ms | ActiveRecord: 1.0ms)


Started GET "/projects/1/edit" for 127.0.0.1 at 2018-01-18 18:32:21 +0100
Processing by ProjectsController#edit as HTML
  Parameters: {"id"=>"1"}
  [1m[36mProject Load (0.0ms)[0m  [1m[34mSELECT  "projects".* FROM "projects" WHERE "projects"."id" = ? LIMIT ?[0m  [["id", 1], ["LIMIT", 1]]
  Rendering projects/edit.html.erb within layouts/application
  Rendered projects/edit.html.erb within layouts/application (2.0ms)
Completed 200 OK in 133ms (Views: 115.9ms | ActiveRecord: 0.0ms)


Started GET "/" for 127.0.0.1 at 2018-01-18 18:32:25 +0100
Processing by ProjectsController#index as HTML
  Rendering projects/index.html.erb within layouts/application
  [1m[36mProject Load (1.0ms)[0m  [1m[34mSELECT "projects".* FROM "projects"[0m
  Rendered projects/index.html.erb within layouts/application (2.0ms)
Completed 200 OK in 125ms (Views: 107.7ms | ActiveRecord: 1.0ms)


Started GET "/projects/1" for 127.0.0.1 at 2018-01-18 18:32:26 +0100
Processing by ProjectsController#show as HTML
  Parameters: {"id"=>"1"}
  [1m[36mProject Load (0.0ms)[0m  [1m[34mSELECT  "projects".* FROM "projects" WHERE "projects"."id" = ? LIMIT ?[0m  [["id", 1], ["LIMIT", 1]]
  Rendering projects/show.html.erb within layouts/application
  Rendered projects/show.html.erb within layouts/application (0.0ms)
Completed 200 OK in 122ms (Views: 105.2ms | ActiveRecord: 0.0ms)


Started GET "/" for 127.0.0.1 at 2018-01-18 18:32:29 +0100
Processing by ProjectsController#index as HTML
  Rendering projects/index.html.erb within layouts/application
  [1m[36mProject Load (0.0ms)[0m  [1m[34mSELECT "projects".* FROM "projects"[0m
  Rendered projects/index.html.erb within layouts/application (3.0ms)
Completed 200 OK in 127ms (Views: 110.0ms | ActiveRecord: 0.0ms)


Started GET "/projects/new.1" for 127.0.0.1 at 2018-01-18 18:32:30 +0100
Processing by ProjectsController#new as 
  Rendering projects/new.html.erb within layouts/application
  Rendered projects/new.html.erb within layouts/application (0.0ms)
Completed 200 OK in 444ms (Views: 264.7ms | ActiveRecord: 0.0ms)


Started GET "/" for 127.0.0.1 at 2018-01-18 18:32:32 +0100
Processing by ProjectsController#index as HTML
  Rendering projects/index.html.erb within layouts/application
  [1m[36mProject Load (0.0ms)[0m  [1m[34mSELECT "projects".* FROM "projects"[0m
  Rendered projects/index.html.erb within layouts/application (3.0ms)
Completed 200 OK in 128ms (Views: 111.5ms | ActiveRecord: 0.0ms)


Started GET "/" for 127.0.0.1 at 2018-01-18 18:33:15 +0100
Processing by ProjectsController#index as HTML
  Rendering projects/index.html.erb within layouts/application
  [1m[36mProject Load (0.0ms)[0m  [1m[34mSELECT "projects".* FROM "projects"[0m
  Rendered projects/index.html.erb within layouts/application (2.0ms)
Completed 200 OK in 121ms (Views: 103.9ms | ActiveRecord: 0.0ms)


Started GET "/projects/new.1" for 127.0.0.1 at 2018-01-18 18:33:17 +0100
Processing by ProjectsController#new as 
  Rendering projects/new.html.erb within layouts/application
  Rendered projects/new.html.erb within layouts/application (179.0ms)
Completed 500 Internal Server Error in 565ms (ActiveRecord: 0.0ms)


  
ActionView::Template::Error (First argument in form cannot contain nil or be empty):
    1: <h1>New Project </h1>
    2: 
    3: 	<%=form_for @project do |a| %>
    4: 		<p>
    5: 			<%= a.label :title %><br>
    6: 			<%= a.text_field :title %>
  
app/views/projects/new.html.erb:3:in `_app_views_projects_new_html_erb__1274706161_97811440'
Started GET "/" for 127.0.0.1 at 2018-01-18 18:35:28 +0100
Processing by ProjectsController#index as HTML
  Rendering projects/index.html.erb within layouts/application
  [1m[36mProject Load (1.0ms)[0m  [1m[34mSELECT "projects".* FROM "projects"[0m
  Rendered projects/index.html.erb within layouts/application (2.0ms)
Completed 200 OK in 127ms (Views: 109.7ms | ActiveRecord: 1.0ms)


Started GET "/projects/new.1" for 127.0.0.1 at 2018-01-18 18:35:29 +0100
Processing by ProjectsController#new as 
  Rendering projects/new.html.erb within layouts/application
  Rendered projects/new.html.erb within layouts/application (2.0ms)
Completed 200 OK in 462ms (Views: 280.4ms | ActiveRecord: 0.0ms)


Started GET "/projects/new.1" for 127.0.0.1 at 2018-01-18 18:36:11 +0100
Processing by ProjectsController#new as 
  Rendering projects/new.html.erb within layouts/application
  Rendered projects/new.html.erb within layouts/application (175.0ms)
Completed 500 Internal Server Error in 559ms (ActiveRecord: 0.0ms)


  
ActionView::Template::Error (First argument in form cannot contain nil or be empty):
    1: <h1>New Project </h1>
    2: 
    3: 
    4: <%= form_for @project do |form| %>
    5:   <p>
    6:     <%= form.label :title %><br>
    7:     <%= form.text_field :title %>
  
app/views/projects/new.html.erb:4:in `_app_views_projects_new_html_erb__1274706161_95789580'
Started GET "/" for 127.0.0.1 at 2018-01-18 18:36:14 +0100
Processing by ProjectsController#index as HTML
  Rendering projects/index.html.erb within layouts/application
  [1m[36mProject Load (1.0ms)[0m  [1m[34mSELECT "projects".* FROM "projects"[0m
  Rendered projects/index.html.erb within layouts/application (3.0ms)
Completed 200 OK in 175ms (Views: 157.2ms | ActiveRecord: 1.0ms)


Started GET "/" for 127.0.0.1 at 2018-01-18 18:36:16 +0100
Processing by ProjectsController#index as HTML
  Rendering projects/index.html.erb within layouts/application
  [1m[36mProject Load (0.0ms)[0m  [1m[34mSELECT "projects".* FROM "projects"[0m
  Rendered projects/index.html.erb within layouts/application (2.0ms)
Completed 200 OK in 126ms (Views: 109.6ms | ActiveRecord: 0.0ms)


Started GET "/projects/new.1" for 127.0.0.1 at 2018-01-18 18:36:17 +0100
Processing by ProjectsController#new as 
  Rendering projects/new.html.erb within layouts/application
  Rendered projects/new.html.erb within layouts/application (181.0ms)
Completed 500 Internal Server Error in 570ms (ActiveRecord: 0.0ms)


  
ActionView::Template::Error (First argument in form cannot contain nil or be empty):
    1: <h1>New Project </h1>
    2: 
    3: 
    4: <%= form_for @project do |form| %>
    5:   <p>
    6:     <%= form.label :title %><br>
    7:     <%= form.text_field :title %>
  
app/views/projects/new.html.erb:4:in `_app_views_projects_new_html_erb__1274706161_93261340'
Started GET "/projects/new.1" for 127.0.0.1 at 2018-01-18 18:36:19 +0100
Processing by ProjectsController#new as 
  Rendering projects/new.html.erb within layouts/application
  Rendered projects/new.html.erb within layouts/application (412.0ms)
Completed 500 Internal Server Error in 1573ms (ActiveRecord: 0.0ms)


  
ActionView::Template::Error (First argument in form cannot contain nil or be empty):
    1: <h1>New Project </h1>
    2: 
    3: 
    4: <%= form_for @project do |form| %>
    5:   <p>
    6:     <%= form.label :title %><br>
    7:     <%= form.text_field :title %>
  
app/views/projects/new.html.erb:4:in `_app_views_projects_new_html_erb__1274706161_97006560'
Started GET "/projects/new.1" for 127.0.0.1 at 2018-01-18 18:36:25 +0100
Processing by ProjectsController#new as 
  Rendering projects/new.html.erb within layouts/application
  Rendered projects/new.html.erb within layouts/application (2.0ms)
Completed 200 OK in 451ms (Views: 266.1ms | ActiveRecord: 0.0ms)


Started POST "/projects/new" for 127.0.0.1 at 2018-01-18 18:36:54 +0100
  
ActionController::RoutingError (No route matches [POST] "/projects/new"):
  
actionpack (5.1.4) lib/action_dispatch/middleware/debug_exceptions.rb:63:in `call'
web-console (3.5.1) lib/web_console/middleware.rb:135:in `call_app'
web-console (3.5.1) lib/web_console/middleware.rb:28:in `block in call'
web-console (3.5.1) lib/web_console/middleware.rb:18:in `catch'
web-console (3.5.1) lib/web_console/middleware.rb:18:in `call'
actionpack (5.1.4) lib/action_dispatch/middleware/show_exceptions.rb:31:in `call'
railties (5.1.4) lib/rails/rack/logger.rb:36:in `call_app'
railties (5.1.4) lib/rails/rack/logger.rb:24:in `block in call'
activesupport (5.1.4) lib/active_support/tagged_logging.rb:69:in `block in tagged'
activesupport (5.1.4) lib/active_support/tagged_logging.rb:26:in `tagged'
activesupport (5.1.4) lib/active_support/tagged_logging.rb:69:in `tagged'
railties (5.1.4) lib/rails/rack/logger.rb:24:in `call'
sprockets-rails (3.2.1) lib/sprockets/rails/quiet_assets.rb:13:in `call'
actionpack (5.1.4) lib/action_dispatch/middleware/remote_ip.rb:79:in `call'
actionpack (5.1.4) lib/action_dispatch/middleware/request_id.rb:25:in `call'
rack (2.0.3) lib/rack/method_override.rb:22:in `call'
rack (2.0.3) lib/rack/runtime.rb:22:in `call'
activesupport (5.1.4) lib/active_support/cache/strategy/local_cache_middleware.rb:27:in `call'
actionpack (5.1.4) lib/action_dispatch/middleware/executor.rb:12:in `call'
actionpack (5.1.4) lib/action_dispatch/middleware/static.rb:125:in `call'
rack (2.0.3) lib/rack/sendfile.rb:111:in `call'
railties (5.1.4) lib/rails/engine.rb:522:in `call'
puma (3.11.0) lib/puma/configuration.rb:225:in `call'
puma (3.11.0) lib/puma/server.rb:624:in `handle_request'
puma (3.11.0) lib/puma/server.rb:438:in `process_client'
puma (3.11.0) lib/puma/server.rb:302:in `block in run'
puma (3.11.0) lib/puma/thread_pool.rb:120:in `block in spawn_thread'
